<?xml version="1.0" encoding="UTF-8"?>
<!-- Generated by org.testng.reporters.JUnitReportReporter -->
<testsuite hostname="DESKTOP-U214GCV" failures="0" tests="6" name="ProjectEvaluation.EvProject.RegistrationTest" time="3.646" errors="0" timestamp="2024-03-16T12:10:58 EASST" skipped="0">
  <testcase classname="ProjectEvaluation.EvProject.RegistrationTest" name="launchBrowser" time="2.394"/>
  <system-out/>
  <testcase classname="ProjectEvaluation.EvProject.RegistrationTest" name="signIn" time="0.174"/>
  <system-out/>
  <testcase classname="ProjectEvaluation.EvProject.RegistrationTest" name="registerNow" time="0.175"/>
  <system-out/>
  <testcase classname="ProjectEvaluation.EvProject.RegistrationTest" name="fillUserInformation" time="0.575"/>
  <system-out/>
  <testcase classname="ProjectEvaluation.EvProject.RegistrationTest" name="fillProfileInformation" time="0.064"/>
  <system-out/>
  <testcase classname="ProjectEvaluation.EvProject.RegistrationTest" name="validateRegistration" time="0.264"/>
  <system-out/>
</testsuite> <!-- ProjectEvaluation.EvProject.RegistrationTest -->
