<?xml version="1.0" encoding="UTF-8"?>
<!-- Generated by org.testng.reporters.JUnitReportReporter -->
<testsuite hostname="DESKTOP-U214GCV" failures="0" tests="1" name="ProjectEvaluation.EvProject.NewTest" time="0.011" errors="0" timestamp="2024-03-12T19:25:48 EASST" skipped="0">
  <testcase classname="ProjectEvaluation.EvProject.NewTest" name="f" time="0.011"/>
  <system-out/>
</testsuite> <!-- ProjectEvaluation.EvProject.NewTest -->
