<?xml version="1.0" encoding="UTF-8"?>
<!-- Generated by org.testng.reporters.JUnitReportReporter -->
<testsuite hostname="DESKTOP-U214GCV" failures="0" tests="8" name="ProjectEvaluation.EvProject.AppTest" time="3.958" errors="0" timestamp="2024-03-10T19:04:01 EASST" skipped="0">
  <testcase classname="ProjectEvaluation.EvProject.AppTest" name="launchBrowser" time="1.846"/>
  <system-out/>
  <testcase classname="ProjectEvaluation.EvProject.AppTest" name="signIn" time="0.194"/>
  <system-out/>
  <testcase classname="ProjectEvaluation.EvProject.AppTest" name="registerNow" time="0.186"/>
  <system-out/>
  <testcase classname="ProjectEvaluation.EvProject.AppTest" name="fillUserInformation" time="0.604"/>
  <system-out/>
  <testcase classname="ProjectEvaluation.EvProject.AppTest" name="fillProfileInformation" time="0.069"/>
  <system-out/>
  <testcase classname="ProjectEvaluation.EvProject.AppTest" name="fillAccountInformation" time="0.507"/>
  <system-out/>
  <testcase classname="ProjectEvaluation.EvProject.AppTest" name="validateRegistration" time="0.282"/>
  <system-out/>
  <testcase classname="ProjectEvaluation.EvProject.AppTest" name="takescreenshot" time="0.270"/>
  <system-out/>
</testsuite> <!-- ProjectEvaluation.EvProject.AppTest -->
