<?xml version="1.0" encoding="UTF-8"?>
<!-- Generated by org.testng.reporters.JUnitReportReporter -->
<testsuite hostname="DESKTOP-U214GCV" failures="0" tests="6" name="ProjectEvaluation.EvProject.RegistrationTest" time="3.738" errors="0" timestamp="2024-03-17T19:39:24 EASST" skipped="0">
  <testcase classname="ProjectEvaluation.EvProject.RegistrationTest" name="launchBrowser" time="2.127"/>
  <system-out/>
  <testcase classname="ProjectEvaluation.EvProject.RegistrationTest" name="signIn" time="0.193"/>
  <system-out/>
  <testcase classname="ProjectEvaluation.EvProject.RegistrationTest" name="registerNow" time="0.194"/>
  <system-out/>
  <testcase classname="ProjectEvaluation.EvProject.RegistrationTest" name="fillUserInformation" time="0.833"/>
  <system-out/>
  <testcase classname="ProjectEvaluation.EvProject.RegistrationTest" name="fillProfileInformation" time="0.102"/>
  <system-out/>
  <testcase classname="ProjectEvaluation.EvProject.RegistrationTest" name="validateRegistration" time="0.289"/>
  <system-out/>
</testsuite> <!-- ProjectEvaluation.EvProject.RegistrationTest -->
