<?xml version="1.0" encoding="UTF-8"?>
<!-- Generated by org.testng.reporters.JUnitReportReporter -->
<testsuite hostname="DESKTOP-U214GCV" failures="0" tests="5" name="ProjectEvaluation.EvProject.RegistrationTest" time="5.166" errors="0" timestamp="2024-03-15T20:02:09 EASST" skipped="0">
  <testcase classname="ProjectEvaluation.EvProject.RegistrationTest" name="launchBrowser" time="3.808"/>
  <system-out/>
  <testcase classname="ProjectEvaluation.EvProject.RegistrationTest" name="signIn" time="0.186"/>
  <system-out/>
  <testcase classname="ProjectEvaluation.EvProject.RegistrationTest" name="registerNow" time="0.187"/>
  <system-out/>
  <testcase classname="ProjectEvaluation.EvProject.RegistrationTest" name="fillAccountInformation" time="0.780"/>
  <system-out/>
  <testcase classname="ProjectEvaluation.EvProject.RegistrationTest" name="validateRegistration" time="0.205"/>
  <system-out/>
</testsuite> <!-- ProjectEvaluation.EvProject.RegistrationTest -->
