<?xml version="1.0" encoding="UTF-8"?>
<!-- Generated by org.testng.reporters.JUnitReportReporter -->
<testsuite hostname="DESKTOP-U214GCV" failures="0" tests="6" name="ProjectEvaluation.EvProject.RegistrationTest" time="3.049" errors="0" timestamp="2024-03-16T12:50:14 EASST" skipped="0">
  <testcase classname="ProjectEvaluation.EvProject.RegistrationTest" name="launchBrowser" time="1.826"/>
  <system-out/>
  <testcase classname="ProjectEvaluation.EvProject.RegistrationTest" name="signIn" time="0.185"/>
  <system-out/>
  <testcase classname="ProjectEvaluation.EvProject.RegistrationTest" name="registerNow" time="0.174"/>
  <system-out/>
  <testcase classname="ProjectEvaluation.EvProject.RegistrationTest" name="fillUserInformation" time="0.611"/>
  <system-out/>
  <testcase classname="ProjectEvaluation.EvProject.RegistrationTest" name="fillProfileInformation" time="0.064"/>
  <system-out/>
  <testcase classname="ProjectEvaluation.EvProject.RegistrationTest" name="validateRegistration" time="0.189"/>
  <system-out/>
</testsuite> <!-- ProjectEvaluation.EvProject.RegistrationTest -->
