<?xml version="1.0" encoding="UTF-8"?>
<!-- Generated by org.testng.reporters.JUnitReportReporter -->
<testsuite hostname="DESKTOP-U214GCV" failures="0" tests="8" name="ProjectEvaluation.EvProject.RegistrationTestAutomation" time="4.897" errors="0" timestamp="2024-03-12T15:38:30 EASST" skipped="0">
  <testcase classname="ProjectEvaluation.EvProject.RegistrationTestAutomation" name="launchBrowser" time="2.225"/>
  <system-out/>
  <testcase classname="ProjectEvaluation.EvProject.RegistrationTestAutomation" name="signIn" time="0.206"/>
  <system-out/>
  <testcase classname="ProjectEvaluation.EvProject.RegistrationTestAutomation" name="registerNow" time="0.196"/>
  <system-out/>
  <testcase classname="ProjectEvaluation.EvProject.RegistrationTestAutomation" name="fillUserInformation" time="0.847"/>
  <system-out/>
  <testcase classname="ProjectEvaluation.EvProject.RegistrationTestAutomation" name="fillProfileInformation" time="0.092"/>
  <system-out/>
  <testcase classname="ProjectEvaluation.EvProject.RegistrationTestAutomation" name="fillAccountInformation" time="0.708"/>
  <system-out/>
  <testcase classname="ProjectEvaluation.EvProject.RegistrationTestAutomation" name="validateRegistration" time="0.316"/>
  <system-out/>
  <testcase classname="ProjectEvaluation.EvProject.RegistrationTestAutomation" name="takescreenshot" time="0.307"/>
  <system-out/>
</testsuite> <!-- ProjectEvaluation.EvProject.RegistrationTestAutomation -->
