<?xml version="1.0" encoding="UTF-8"?>
<!-- Generated by org.testng.reporters.JUnitReportReporter -->
<testsuite hostname="DESKTOP-U214GCV" failures="0" tests="8" name="ProjectEvaluation.EvProject.AppTest" time="4.419" errors="0" timestamp="2024-02-07T17:30:56 EASST" skipped="0">
  <testcase classname="ProjectEvaluation.EvProject.AppTest" name="launchBrowser" time="2.386"/>
  <system-out/>
  <testcase classname="ProjectEvaluation.EvProject.AppTest" name="signIn" time="0.179"/>
  <system-out/>
  <testcase classname="ProjectEvaluation.EvProject.AppTest" name="registerNow" time="0.185"/>
  <system-out/>
  <testcase classname="ProjectEvaluation.EvProject.AppTest" name="fillUserInformation" time="0.608"/>
  <system-out/>
  <testcase classname="ProjectEvaluation.EvProject.AppTest" name="fillProfileInformation" time="0.066"/>
  <system-out/>
  <testcase classname="ProjectEvaluation.EvProject.AppTest" name="fillAccountInformation" time="0.468"/>
  <system-out/>
  <testcase classname="ProjectEvaluation.EvProject.AppTest" name="validateRegistration" time="0.270"/>
  <system-out/>
  <testcase classname="ProjectEvaluation.EvProject.AppTest" name="takescreenshot" time="0.257"/>
  <system-out/>
</testsuite> <!-- ProjectEvaluation.EvProject.AppTest -->
