<?xml version="1.0" encoding="UTF-8"?>
<!-- Generated by org.testng.reporters.JUnitReportReporter -->
<testsuite hostname="DESKTOP-U214GCV" failures="0" tests="8" name="ProjectEvaluation.EvProject.AppTest" time="5.309" errors="0" timestamp="2024-03-09T01:08:11 EASST" skipped="0">
  <testcase classname="ProjectEvaluation.EvProject.AppTest" name="launchBrowser" time="3.246"/>
  <system-out/>
  <testcase classname="ProjectEvaluation.EvProject.AppTest" name="signIn" time="0.184"/>
  <system-out/>
  <testcase classname="ProjectEvaluation.EvProject.AppTest" name="registerNow" time="0.189"/>
  <system-out/>
  <testcase classname="ProjectEvaluation.EvProject.AppTest" name="fillUserInformation" time="0.644"/>
  <system-out/>
  <testcase classname="ProjectEvaluation.EvProject.AppTest" name="fillProfileInformation" time="0.066"/>
  <system-out/>
  <testcase classname="ProjectEvaluation.EvProject.AppTest" name="fillAccountInformation" time="0.462"/>
  <system-out/>
  <testcase classname="ProjectEvaluation.EvProject.AppTest" name="validateRegistration" time="0.271"/>
  <system-out/>
  <testcase classname="ProjectEvaluation.EvProject.AppTest" name="takescreenshot" time="0.247"/>
  <system-out/>
</testsuite> <!-- ProjectEvaluation.EvProject.AppTest -->
